<?xml version="1.0" encoding="UTF-8"?>
<testsuite name="Gov Website"
           tests="3"
           failures="0"
           errors="0"
           skipped="0"
           time="3.546">
  <properties />
  
  
            <testcase name="anAustralianComingToUKForTourism" time="1.009" classname="gov.uk.check.visa.testsuite.VisaConfirmationTest" />
                <testcase name="aColumbianNationalComingToTheUKToJoinAPartnerForALongStayTheyDoHaveAnArticle10Or20Card" time="1.310" classname="gov.uk.check.visa.testsuite.VisaConfirmationTest" />
                <testcase name="aChileanComingToTheUKForWorkAndPlansOnStayingForLongerThanSixMonths" time="1.227" classname="gov.uk.check.visa.testsuite.VisaConfirmationTest" />
      
</testsuite>
